CRITICAL - 2024-02-15 00:29:30 --> CodeIgniter\Exceptions\FrameworkException: The framework needs the following extension(s) installed and loaded: intl.
in SYSTEMPATH\CodeIgniter.php on line 252.
 1 SYSTEMPATH\CodeIgniter.php(252): CodeIgniter\Exceptions\FrameworkException::forMissingExtension('intl')
 2 SYSTEMPATH\CodeIgniter.php(214): CodeIgniter\CodeIgniter->resolvePlatformExtensions()
 3 FCPATH\index.php(67): CodeIgniter\CodeIgniter->initialize()
CRITICAL - 2024-02-15 00:29:30 --> ErrorException: Uncaught Error: Class "Locale" not found in C:\xampp\htdocs\webprogss221\lab2\week10\ci4\system\Helpers\number_helper.php:137
Stack trace:
#0 C:\xampp\htdocs\webprogss221\lab2\week10\ci4\system\Helpers\number_helper.php(56): format_number(4.0, 2, NULL, Array)
#1 C:\xampp\htdocs\webprogss221\lab2\week10\ci4\system\Debug\BaseExceptionHandler.php(152): number_to_size(4.0, 2)
#2 C:\xampp\htdocs\webprogss221\lab2\week10\ci4\app\Views\errors\html\error_exception.php(384): CodeIgniter\Debug\BaseExceptionHandler::describeMemory(4194304)
#3 C:\xampp\htdocs\webprogss221\lab2\week10\ci4\system\Debug\BaseExceptionHandler.php(258): include('C:\\xampp\\htdocs...')
#4 C:\xampp\htdocs\webprogss221\lab2\week10\ci4\system\Debug\BaseExceptionHandler.php(261): CodeIgniter\Debug\BaseExceptionHandler->CodeIgniter\Debug\{closure}()
#5 C:\xampp\htdocs\webprogss221\lab2\week10\ci4\system\Debug\ExceptionHandler.php(112): CodeIgniter\Debug\BaseExceptionHandler->render(Object(CodeIgniter\Exceptions\FrameworkException), 500, 'C:\\xampp\\htdocs...')
#6 C:\xampp\htdocs\webprogss221\lab2\week10\ci4\system\Debug\Exceptions.php(156): CodeIgniter\Debug\ExceptionHandler->handle(Object(CodeIgniter\Exceptions\FrameworkException), Object(CodeIgniter\HTTP\IncomingRequest), Object(CodeIgniter\HTTP\Response), 500, 1)
#7 [internal function]: CodeIgniter\Debug\Exceptions->exceptionHandler(Object(CodeIgniter\Exceptions\FrameworkException))
#8 {main}
  thrown
【Previous Exception】
CodeIgniter\Exceptions\FrameworkException
The framework needs the following extension(s) installed and loaded: intl.
#0 C:\xampp\htdocs\webprogss221\lab2\week10\ci4\system\CodeIgniter.php(252): CodeIgniter\Exceptions\FrameworkException::forMissingExtension('intl')
#1 C:\xampp\htdocs\webprogss221\lab2\week10\ci4\system\CodeIgniter.php(214): CodeIgniter\CodeIgniter->resolvePlatformExtensions()
#2 C:\xampp\htdocs\webprogss221\lab2\week10\ci4\public\index.php(67): CodeIgniter\CodeIgniter->initialize()
#3 {main}
in SYSTEMPATH\Helpers\number_helper.php on line 137.
 1 [internal function]: CodeIgniter\Debug\Exceptions->shutdownHandler()
CRITICAL - 2024-02-15 00:30:13 --> CodeIgniter\Exceptions\FrameworkException: The framework needs the following extension(s) installed and loaded: intl.
in SYSTEMPATH\CodeIgniter.php on line 252.
 1 SYSTEMPATH\CodeIgniter.php(252): CodeIgniter\Exceptions\FrameworkException::forMissingExtension('intl')
 2 SYSTEMPATH\CodeIgniter.php(214): CodeIgniter\CodeIgniter->resolvePlatformExtensions()
 3 FCPATH\index.php(67): CodeIgniter\CodeIgniter->initialize()
CRITICAL - 2024-02-15 00:30:13 --> ErrorException: Uncaught Error: Class "Locale" not found in C:\xampp\htdocs\webprogss221\lab2\week10\ci4\system\Helpers\number_helper.php:137
Stack trace:
#0 C:\xampp\htdocs\webprogss221\lab2\week10\ci4\system\Helpers\number_helper.php(56): format_number(4.0, 2, NULL, Array)
#1 C:\xampp\htdocs\webprogss221\lab2\week10\ci4\system\Debug\BaseExceptionHandler.php(152): number_to_size(4.0, 2)
#2 C:\xampp\htdocs\webprogss221\lab2\week10\ci4\app\Views\errors\html\error_exception.php(384): CodeIgniter\Debug\BaseExceptionHandler::describeMemory(4194304)
#3 C:\xampp\htdocs\webprogss221\lab2\week10\ci4\system\Debug\BaseExceptionHandler.php(258): include('C:\\xampp\\htdocs...')
#4 C:\xampp\htdocs\webprogss221\lab2\week10\ci4\system\Debug\BaseExceptionHandler.php(261): CodeIgniter\Debug\BaseExceptionHandler->CodeIgniter\Debug\{closure}()
#5 C:\xampp\htdocs\webprogss221\lab2\week10\ci4\system\Debug\ExceptionHandler.php(112): CodeIgniter\Debug\BaseExceptionHandler->render(Object(CodeIgniter\Exceptions\FrameworkException), 500, 'C:\\xampp\\htdocs...')
#6 C:\xampp\htdocs\webprogss221\lab2\week10\ci4\system\Debug\Exceptions.php(156): CodeIgniter\Debug\ExceptionHandler->handle(Object(CodeIgniter\Exceptions\FrameworkException), Object(CodeIgniter\HTTP\IncomingRequest), Object(CodeIgniter\HTTP\Response), 500, 1)
#7 [internal function]: CodeIgniter\Debug\Exceptions->exceptionHandler(Object(CodeIgniter\Exceptions\FrameworkException))
#8 {main}
  thrown
【Previous Exception】
CodeIgniter\Exceptions\FrameworkException
The framework needs the following extension(s) installed and loaded: intl.
#0 C:\xampp\htdocs\webprogss221\lab2\week10\ci4\system\CodeIgniter.php(252): CodeIgniter\Exceptions\FrameworkException::forMissingExtension('intl')
#1 C:\xampp\htdocs\webprogss221\lab2\week10\ci4\system\CodeIgniter.php(214): CodeIgniter\CodeIgniter->resolvePlatformExtensions()
#2 C:\xampp\htdocs\webprogss221\lab2\week10\ci4\public\index.php(67): CodeIgniter\CodeIgniter->initialize()
#3 {main}
in SYSTEMPATH\Helpers\number_helper.php on line 137.
 1 [internal function]: CodeIgniter\Debug\Exceptions->shutdownHandler()
CRITICAL - 2024-02-15 00:30:20 --> CodeIgniter\Exceptions\FrameworkException: The framework needs the following extension(s) installed and loaded: intl.
in SYSTEMPATH\CodeIgniter.php on line 252.
 1 SYSTEMPATH\CodeIgniter.php(252): CodeIgniter\Exceptions\FrameworkException::forMissingExtension('intl')
 2 SYSTEMPATH\CodeIgniter.php(214): CodeIgniter\CodeIgniter->resolvePlatformExtensions()
 3 FCPATH\index.php(67): CodeIgniter\CodeIgniter->initialize()
CRITICAL - 2024-02-15 00:30:20 --> ErrorException: Uncaught Error: Class "Locale" not found in C:\xampp\htdocs\webprogss221\lab2\week10\ci4\system\Helpers\number_helper.php:137
Stack trace:
#0 C:\xampp\htdocs\webprogss221\lab2\week10\ci4\system\Helpers\number_helper.php(56): format_number(4.0, 2, NULL, Array)
#1 C:\xampp\htdocs\webprogss221\lab2\week10\ci4\system\Debug\BaseExceptionHandler.php(152): number_to_size(4.0, 2)
#2 C:\xampp\htdocs\webprogss221\lab2\week10\ci4\app\Views\errors\html\error_exception.php(384): CodeIgniter\Debug\BaseExceptionHandler::describeMemory(4194304)
#3 C:\xampp\htdocs\webprogss221\lab2\week10\ci4\system\Debug\BaseExceptionHandler.php(258): include('C:\\xampp\\htdocs...')
#4 C:\xampp\htdocs\webprogss221\lab2\week10\ci4\system\Debug\BaseExceptionHandler.php(261): CodeIgniter\Debug\BaseExceptionHandler->CodeIgniter\Debug\{closure}()
#5 C:\xampp\htdocs\webprogss221\lab2\week10\ci4\system\Debug\ExceptionHandler.php(112): CodeIgniter\Debug\BaseExceptionHandler->render(Object(CodeIgniter\Exceptions\FrameworkException), 500, 'C:\\xampp\\htdocs...')
#6 C:\xampp\htdocs\webprogss221\lab2\week10\ci4\system\Debug\Exceptions.php(156): CodeIgniter\Debug\ExceptionHandler->handle(Object(CodeIgniter\Exceptions\FrameworkException), Object(CodeIgniter\HTTP\IncomingRequest), Object(CodeIgniter\HTTP\Response), 500, 1)
#7 [internal function]: CodeIgniter\Debug\Exceptions->exceptionHandler(Object(CodeIgniter\Exceptions\FrameworkException))
#8 {main}
  thrown
【Previous Exception】
CodeIgniter\Exceptions\FrameworkException
The framework needs the following extension(s) installed and loaded: intl.
#0 C:\xampp\htdocs\webprogss221\lab2\week10\ci4\system\CodeIgniter.php(252): CodeIgniter\Exceptions\FrameworkException::forMissingExtension('intl')
#1 C:\xampp\htdocs\webprogss221\lab2\week10\ci4\system\CodeIgniter.php(214): CodeIgniter\CodeIgniter->resolvePlatformExtensions()
#2 C:\xampp\htdocs\webprogss221\lab2\week10\ci4\public\index.php(67): CodeIgniter\CodeIgniter->initialize()
#3 {main}
in SYSTEMPATH\Helpers\number_helper.php on line 137.
 1 [internal function]: CodeIgniter\Debug\Exceptions->shutdownHandler()
CRITICAL - 2024-02-15 00:45:34 --> CodeIgniter\Exceptions\FrameworkException: The framework needs the following extension(s) installed and loaded: intl.
in SYSTEMPATH\CodeIgniter.php on line 252.
 1 SYSTEMPATH\CodeIgniter.php(252): CodeIgniter\Exceptions\FrameworkException::forMissingExtension('intl')
 2 SYSTEMPATH\CodeIgniter.php(214): CodeIgniter\CodeIgniter->resolvePlatformExtensions()
 3 FCPATH\index.php(67): CodeIgniter\CodeIgniter->initialize()
CRITICAL - 2024-02-15 00:45:34 --> ErrorException: Uncaught Error: Class "Locale" not found in C:\xampp\htdocs\webprogss221\lab2\week10\ci4\system\Helpers\number_helper.php:137
Stack trace:
#0 C:\xampp\htdocs\webprogss221\lab2\week10\ci4\system\Helpers\number_helper.php(56): format_number(4.0, 2, NULL, Array)
#1 C:\xampp\htdocs\webprogss221\lab2\week10\ci4\system\Debug\BaseExceptionHandler.php(152): number_to_size(4.0, 2)
#2 C:\xampp\htdocs\webprogss221\lab2\week10\ci4\app\Views\errors\html\error_exception.php(384): CodeIgniter\Debug\BaseExceptionHandler::describeMemory(4194304)
#3 C:\xampp\htdocs\webprogss221\lab2\week10\ci4\system\Debug\BaseExceptionHandler.php(258): include('C:\\xampp\\htdocs...')
#4 C:\xampp\htdocs\webprogss221\lab2\week10\ci4\system\Debug\BaseExceptionHandler.php(261): CodeIgniter\Debug\BaseExceptionHandler->CodeIgniter\Debug\{closure}()
#5 C:\xampp\htdocs\webprogss221\lab2\week10\ci4\system\Debug\ExceptionHandler.php(112): CodeIgniter\Debug\BaseExceptionHandler->render(Object(CodeIgniter\Exceptions\FrameworkException), 500, 'C:\\xampp\\htdocs...')
#6 C:\xampp\htdocs\webprogss221\lab2\week10\ci4\system\Debug\Exceptions.php(156): CodeIgniter\Debug\ExceptionHandler->handle(Object(CodeIgniter\Exceptions\FrameworkException), Object(CodeIgniter\HTTP\IncomingRequest), Object(CodeIgniter\HTTP\Response), 500, 1)
#7 [internal function]: CodeIgniter\Debug\Exceptions->exceptionHandler(Object(CodeIgniter\Exceptions\FrameworkException))
#8 {main}
  thrown
【Previous Exception】
CodeIgniter\Exceptions\FrameworkException
The framework needs the following extension(s) installed and loaded: intl.
#0 C:\xampp\htdocs\webprogss221\lab2\week10\ci4\system\CodeIgniter.php(252): CodeIgniter\Exceptions\FrameworkException::forMissingExtension('intl')
#1 C:\xampp\htdocs\webprogss221\lab2\week10\ci4\system\CodeIgniter.php(214): CodeIgniter\CodeIgniter->resolvePlatformExtensions()
#2 C:\xampp\htdocs\webprogss221\lab2\week10\ci4\public\index.php(67): CodeIgniter\CodeIgniter->initialize()
#3 {main}
in SYSTEMPATH\Helpers\number_helper.php on line 137.
 1 [internal function]: CodeIgniter\Debug\Exceptions->shutdownHandler()
CRITICAL - 2024-02-15 00:48:01 --> CodeIgniter\Exceptions\FrameworkException: The framework needs the following extension(s) installed and loaded: intl.
in SYSTEMPATH\CodeIgniter.php on line 252.
 1 SYSTEMPATH\CodeIgniter.php(252): CodeIgniter\Exceptions\FrameworkException::forMissingExtension('intl')
 2 SYSTEMPATH\CodeIgniter.php(214): CodeIgniter\CodeIgniter->resolvePlatformExtensions()
 3 FCPATH\index.php(67): CodeIgniter\CodeIgniter->initialize()
CRITICAL - 2024-02-15 00:48:01 --> ErrorException: Uncaught Error: Class "Locale" not found in C:\xampp\htdocs\webprogss221\lab2\week10\ci4\system\Helpers\number_helper.php:137
Stack trace:
#0 C:\xampp\htdocs\webprogss221\lab2\week10\ci4\system\Helpers\number_helper.php(56): format_number(4.0, 2, NULL, Array)
#1 C:\xampp\htdocs\webprogss221\lab2\week10\ci4\system\Debug\BaseExceptionHandler.php(152): number_to_size(4.0, 2)
#2 C:\xampp\htdocs\webprogss221\lab2\week10\ci4\app\Views\errors\html\error_exception.php(384): CodeIgniter\Debug\BaseExceptionHandler::describeMemory(4194304)
#3 C:\xampp\htdocs\webprogss221\lab2\week10\ci4\system\Debug\BaseExceptionHandler.php(258): include('C:\\xampp\\htdocs...')
#4 C:\xampp\htdocs\webprogss221\lab2\week10\ci4\system\Debug\BaseExceptionHandler.php(261): CodeIgniter\Debug\BaseExceptionHandler->CodeIgniter\Debug\{closure}()
#5 C:\xampp\htdocs\webprogss221\lab2\week10\ci4\system\Debug\ExceptionHandler.php(112): CodeIgniter\Debug\BaseExceptionHandler->render(Object(CodeIgniter\Exceptions\FrameworkException), 500, 'C:\\xampp\\htdocs...')
#6 C:\xampp\htdocs\webprogss221\lab2\week10\ci4\system\Debug\Exceptions.php(156): CodeIgniter\Debug\ExceptionHandler->handle(Object(CodeIgniter\Exceptions\FrameworkException), Object(CodeIgniter\HTTP\IncomingRequest), Object(CodeIgniter\HTTP\Response), 500, 1)
#7 [internal function]: CodeIgniter\Debug\Exceptions->exceptionHandler(Object(CodeIgniter\Exceptions\FrameworkException))
#8 {main}
  thrown
【Previous Exception】
CodeIgniter\Exceptions\FrameworkException
The framework needs the following extension(s) installed and loaded: intl.
#0 C:\xampp\htdocs\webprogss221\lab2\week10\ci4\system\CodeIgniter.php(252): CodeIgniter\Exceptions\FrameworkException::forMissingExtension('intl')
#1 C:\xampp\htdocs\webprogss221\lab2\week10\ci4\system\CodeIgniter.php(214): CodeIgniter\CodeIgniter->resolvePlatformExtensions()
#2 C:\xampp\htdocs\webprogss221\lab2\week10\ci4\public\index.php(67): CodeIgniter\CodeIgniter->initialize()
#3 {main}
in SYSTEMPATH\Helpers\number_helper.php on line 137.
 1 [internal function]: CodeIgniter\Debug\Exceptions->shutdownHandler()
CRITICAL - 2024-02-15 00:50:56 --> CodeIgniter\Exceptions\FrameworkException: The framework needs the following extension(s) installed and loaded: intl.
in SYSTEMPATH\CodeIgniter.php on line 252.
 1 SYSTEMPATH\CodeIgniter.php(252): CodeIgniter\Exceptions\FrameworkException::forMissingExtension('intl')
 2 SYSTEMPATH\CodeIgniter.php(214): CodeIgniter\CodeIgniter->resolvePlatformExtensions()
 3 FCPATH\index.php(67): CodeIgniter\CodeIgniter->initialize()
CRITICAL - 2024-02-15 00:50:56 --> ErrorException: Uncaught Error: Class "Locale" not found in C:\xampp\htdocs\webprogss221\lab2\week10\ci4\system\Helpers\number_helper.php:137
Stack trace:
#0 C:\xampp\htdocs\webprogss221\lab2\week10\ci4\system\Helpers\number_helper.php(56): format_number(4.0, 2, NULL, Array)
#1 C:\xampp\htdocs\webprogss221\lab2\week10\ci4\system\Debug\BaseExceptionHandler.php(152): number_to_size(4.0, 2)
#2 C:\xampp\htdocs\webprogss221\lab2\week10\ci4\app\Views\errors\html\error_exception.php(384): CodeIgniter\Debug\BaseExceptionHandler::describeMemory(4194304)
#3 C:\xampp\htdocs\webprogss221\lab2\week10\ci4\system\Debug\BaseExceptionHandler.php(258): include('C:\\xampp\\htdocs...')
#4 C:\xampp\htdocs\webprogss221\lab2\week10\ci4\system\Debug\BaseExceptionHandler.php(261): CodeIgniter\Debug\BaseExceptionHandler->CodeIgniter\Debug\{closure}()
#5 C:\xampp\htdocs\webprogss221\lab2\week10\ci4\system\Debug\ExceptionHandler.php(112): CodeIgniter\Debug\BaseExceptionHandler->render(Object(CodeIgniter\Exceptions\FrameworkException), 500, 'C:\\xampp\\htdocs...')
#6 C:\xampp\htdocs\webprogss221\lab2\week10\ci4\system\Debug\Exceptions.php(156): CodeIgniter\Debug\ExceptionHandler->handle(Object(CodeIgniter\Exceptions\FrameworkException), Object(CodeIgniter\HTTP\IncomingRequest), Object(CodeIgniter\HTTP\Response), 500, 1)
#7 [internal function]: CodeIgniter\Debug\Exceptions->exceptionHandler(Object(CodeIgniter\Exceptions\FrameworkException))
#8 {main}
  thrown
【Previous Exception】
CodeIgniter\Exceptions\FrameworkException
The framework needs the following extension(s) installed and loaded: intl.
#0 C:\xampp\htdocs\webprogss221\lab2\week10\ci4\system\CodeIgniter.php(252): CodeIgniter\Exceptions\FrameworkException::forMissingExtension('intl')
#1 C:\xampp\htdocs\webprogss221\lab2\week10\ci4\system\CodeIgniter.php(214): CodeIgniter\CodeIgniter->resolvePlatformExtensions()
#2 C:\xampp\htdocs\webprogss221\lab2\week10\ci4\public\index.php(67): CodeIgniter\CodeIgniter->initialize()
#3 {main}
in SYSTEMPATH\Helpers\number_helper.php on line 137.
 1 [internal function]: CodeIgniter\Debug\Exceptions->shutdownHandler()
CRITICAL - 2024-02-15 00:56:08 --> CodeIgniter\Exceptions\FrameworkException: The framework needs the following extension(s) installed and loaded: intl.
in SYSTEMPATH\CodeIgniter.php on line 252.
 1 SYSTEMPATH\CodeIgniter.php(252): CodeIgniter\Exceptions\FrameworkException::forMissingExtension('intl')
 2 SYSTEMPATH\CodeIgniter.php(214): CodeIgniter\CodeIgniter->resolvePlatformExtensions()
 3 FCPATH\index.php(67): CodeIgniter\CodeIgniter->initialize()
CRITICAL - 2024-02-15 00:56:08 --> ErrorException: Uncaught Error: Class "Locale" not found in C:\xampp\htdocs\webprogss221\lab2\week10\ci4\system\Helpers\number_helper.php:137
Stack trace:
#0 C:\xampp\htdocs\webprogss221\lab2\week10\ci4\system\Helpers\number_helper.php(56): format_number(4.0, 2, NULL, Array)
#1 C:\xampp\htdocs\webprogss221\lab2\week10\ci4\system\Debug\BaseExceptionHandler.php(152): number_to_size(4.0, 2)
#2 C:\xampp\htdocs\webprogss221\lab2\week10\ci4\app\Views\errors\html\error_exception.php(384): CodeIgniter\Debug\BaseExceptionHandler::describeMemory(4194304)
#3 C:\xampp\htdocs\webprogss221\lab2\week10\ci4\system\Debug\BaseExceptionHandler.php(258): include('C:\\xampp\\htdocs...')
#4 C:\xampp\htdocs\webprogss221\lab2\week10\ci4\system\Debug\BaseExceptionHandler.php(261): CodeIgniter\Debug\BaseExceptionHandler->CodeIgniter\Debug\{closure}()
#5 C:\xampp\htdocs\webprogss221\lab2\week10\ci4\system\Debug\ExceptionHandler.php(112): CodeIgniter\Debug\BaseExceptionHandler->render(Object(CodeIgniter\Exceptions\FrameworkException), 500, 'C:\\xampp\\htdocs...')
#6 C:\xampp\htdocs\webprogss221\lab2\week10\ci4\system\Debug\Exceptions.php(156): CodeIgniter\Debug\ExceptionHandler->handle(Object(CodeIgniter\Exceptions\FrameworkException), Object(CodeIgniter\HTTP\IncomingRequest), Object(CodeIgniter\HTTP\Response), 500, 1)
#7 [internal function]: CodeIgniter\Debug\Exceptions->exceptionHandler(Object(CodeIgniter\Exceptions\FrameworkException))
#8 {main}
  thrown
【Previous Exception】
CodeIgniter\Exceptions\FrameworkException
The framework needs the following extension(s) installed and loaded: intl.
#0 C:\xampp\htdocs\webprogss221\lab2\week10\ci4\system\CodeIgniter.php(252): CodeIgniter\Exceptions\FrameworkException::forMissingExtension('intl')
#1 C:\xampp\htdocs\webprogss221\lab2\week10\ci4\system\CodeIgniter.php(214): CodeIgniter\CodeIgniter->resolvePlatformExtensions()
#2 C:\xampp\htdocs\webprogss221\lab2\week10\ci4\public\index.php(67): CodeIgniter\CodeIgniter->initialize()
#3 {main}
in SYSTEMPATH\Helpers\number_helper.php on line 137.
 1 [internal function]: CodeIgniter\Debug\Exceptions->shutdownHandler()
CRITICAL - 2024-02-15 02:50:39 --> CodeIgniter\Exceptions\FrameworkException: The framework needs the following extension(s) installed and loaded: intl.
in SYSTEMPATH\CodeIgniter.php on line 252.
 1 SYSTEMPATH\CodeIgniter.php(252): CodeIgniter\Exceptions\FrameworkException::forMissingExtension('intl')
 2 SYSTEMPATH\CodeIgniter.php(214): CodeIgniter\CodeIgniter->resolvePlatformExtensions()
 3 FCPATH\index.php(67): CodeIgniter\CodeIgniter->initialize()
CRITICAL - 2024-02-15 02:50:39 --> ErrorException: Uncaught Error: Class "Locale" not found in C:\xampp\htdocs\webprogss221\lab2\week10\ci4\system\Helpers\number_helper.php:137
Stack trace:
#0 C:\xampp\htdocs\webprogss221\lab2\week10\ci4\system\Helpers\number_helper.php(56): format_number(4.0, 2, NULL, Array)
#1 C:\xampp\htdocs\webprogss221\lab2\week10\ci4\system\Debug\BaseExceptionHandler.php(152): number_to_size(4.0, 2)
#2 C:\xampp\htdocs\webprogss221\lab2\week10\ci4\app\Views\errors\html\error_exception.php(384): CodeIgniter\Debug\BaseExceptionHandler::describeMemory(4194304)
#3 C:\xampp\htdocs\webprogss221\lab2\week10\ci4\system\Debug\BaseExceptionHandler.php(258): include('C:\\xampp\\htdocs...')
#4 C:\xampp\htdocs\webprogss221\lab2\week10\ci4\system\Debug\BaseExceptionHandler.php(261): CodeIgniter\Debug\BaseExceptionHandler->CodeIgniter\Debug\{closure}()
#5 C:\xampp\htdocs\webprogss221\lab2\week10\ci4\system\Debug\ExceptionHandler.php(112): CodeIgniter\Debug\BaseExceptionHandler->render(Object(CodeIgniter\Exceptions\FrameworkException), 500, 'C:\\xampp\\htdocs...')
#6 C:\xampp\htdocs\webprogss221\lab2\week10\ci4\system\Debug\Exceptions.php(156): CodeIgniter\Debug\ExceptionHandler->handle(Object(CodeIgniter\Exceptions\FrameworkException), Object(CodeIgniter\HTTP\IncomingRequest), Object(CodeIgniter\HTTP\Response), 500, 1)
#7 [internal function]: CodeIgniter\Debug\Exceptions->exceptionHandler(Object(CodeIgniter\Exceptions\FrameworkException))
#8 {main}
  thrown
【Previous Exception】
CodeIgniter\Exceptions\FrameworkException
The framework needs the following extension(s) installed and loaded: intl.
#0 C:\xampp\htdocs\webprogss221\lab2\week10\ci4\system\CodeIgniter.php(252): CodeIgniter\Exceptions\FrameworkException::forMissingExtension('intl')
#1 C:\xampp\htdocs\webprogss221\lab2\week10\ci4\system\CodeIgniter.php(214): CodeIgniter\CodeIgniter->resolvePlatformExtensions()
#2 C:\xampp\htdocs\webprogss221\lab2\week10\ci4\public\index.php(67): CodeIgniter\CodeIgniter->initialize()
#3 {main}
in SYSTEMPATH\Helpers\number_helper.php on line 137.
 1 [internal function]: CodeIgniter\Debug\Exceptions->shutdownHandler()
CRITICAL - 2024-02-15 08:44:04 --> Error: Call to undefined function link_tag()
in APPPATH\Views\templates\header.php on line 5.
 1 SYSTEMPATH\View\View.php(228): include()
 2 SYSTEMPATH\View\View.php(231): CodeIgniter\View\View->CodeIgniter\View\{closure}()
 3 SYSTEMPATH\Common.php(1178): CodeIgniter\View\View->render('templates/header', [], true)
 4 APPPATH\Controllers\Pages.php(23): view('templates/header', [...])
 5 SYSTEMPATH\CodeIgniter.php(941): App\Controllers\Pages->view('home')
 6 SYSTEMPATH\CodeIgniter.php(502): CodeIgniter\CodeIgniter->runController(Object(App\Controllers\Pages))
 7 SYSTEMPATH\CodeIgniter.php(361): CodeIgniter\CodeIgniter->handleRequest(null, Object(Config\Cache), false)
 8 FCPATH\index.php(79): CodeIgniter\CodeIgniter->run()
CRITICAL - 2024-02-15 08:45:43 --> Error: Call to undefined function link_tag()
in APPPATH\Views\templates\header.php on line 5.
 1 SYSTEMPATH\View\View.php(228): include()
 2 SYSTEMPATH\View\View.php(231): CodeIgniter\View\View->CodeIgniter\View\{closure}()
 3 SYSTEMPATH\Common.php(1178): CodeIgniter\View\View->render('templates/header', [], true)
 4 APPPATH\Controllers\Pages.php(23): view('templates/header', [...])
 5 SYSTEMPATH\CodeIgniter.php(941): App\Controllers\Pages->view('home')
 6 SYSTEMPATH\CodeIgniter.php(502): CodeIgniter\CodeIgniter->runController(Object(App\Controllers\Pages))
 7 SYSTEMPATH\CodeIgniter.php(361): CodeIgniter\CodeIgniter->handleRequest(null, Object(Config\Cache), false)
 8 FCPATH\index.php(79): CodeIgniter\CodeIgniter->run()
CRITICAL - 2024-02-15 08:45:45 --> Error: Call to undefined function link_tag()
in APPPATH\Views\templates\header.php on line 5.
 1 SYSTEMPATH\View\View.php(228): include()
 2 SYSTEMPATH\View\View.php(231): CodeIgniter\View\View->CodeIgniter\View\{closure}()
 3 SYSTEMPATH\Common.php(1178): CodeIgniter\View\View->render('templates/header', [], true)
 4 APPPATH\Controllers\Pages.php(23): view('templates/header', [...])
 5 SYSTEMPATH\CodeIgniter.php(941): App\Controllers\Pages->view('home')
 6 SYSTEMPATH\CodeIgniter.php(502): CodeIgniter\CodeIgniter->runController(Object(App\Controllers\Pages))
 7 SYSTEMPATH\CodeIgniter.php(361): CodeIgniter\CodeIgniter->handleRequest(null, Object(Config\Cache), false)
 8 FCPATH\index.php(79): CodeIgniter\CodeIgniter->run()
CRITICAL - 2024-02-15 08:47:35 --> Error: Call to undefined function link_tag()
in APPPATH\Views\templates\header.php on line 5.
 1 SYSTEMPATH\View\View.php(228): include()
 2 SYSTEMPATH\View\View.php(231): CodeIgniter\View\View->CodeIgniter\View\{closure}()
 3 SYSTEMPATH\Common.php(1178): CodeIgniter\View\View->render('templates/header', [], true)
 4 APPPATH\Controllers\Pages.php(23): view('templates/header', [...])
 5 SYSTEMPATH\CodeIgniter.php(941): App\Controllers\Pages->view('home')
 6 SYSTEMPATH\CodeIgniter.php(502): CodeIgniter\CodeIgniter->runController(Object(App\Controllers\Pages))
 7 SYSTEMPATH\CodeIgniter.php(361): CodeIgniter\CodeIgniter->handleRequest(null, Object(Config\Cache), false)
 8 FCPATH\index.php(79): CodeIgniter\CodeIgniter->run()
CRITICAL - 2024-02-15 09:32:50 --> TypeError: img(): Argument #2 ($indexPage) must be of type bool, array given, called in C:\xampp\htdocs\webprogss221\lab3\ci4\app\Views\pages\about.php on line 5
in SYSTEMPATH\Helpers\html_helper.php on line 96.
 1 APPPATH\Views\pages\about.php(5): img('css/chibi.png', [...])
 2 SYSTEMPATH\View\View.php(228): include('C:\\xampp\\htdocs\\webprogss221\\lab3\\ci4\\app\\Views\\pages\\about.php')
 3 SYSTEMPATH\View\View.php(231): CodeIgniter\View\View->CodeIgniter\View\{closure}()
 4 SYSTEMPATH\Common.php(1178): CodeIgniter\View\View->render('pages/about', [], true)
 5 APPPATH\Controllers\Pages.php(24): view('pages/about')
 6 SYSTEMPATH\CodeIgniter.php(941): App\Controllers\Pages->view('about')
 7 SYSTEMPATH\CodeIgniter.php(502): CodeIgniter\CodeIgniter->runController(Object(App\Controllers\Pages))
 8 SYSTEMPATH\CodeIgniter.php(361): CodeIgniter\CodeIgniter->handleRequest(null, Object(Config\Cache), false)
 9 FCPATH\index.php(79): CodeIgniter\CodeIgniter->run()
CRITICAL - 2024-02-15 09:37:39 --> ParseError: syntax error, unexpected identifier "m", expecting "," or ";"
in APPPATH\Views\pages\about.php on line 10.
 1 SYSTEMPATH\View\View.php(231): CodeIgniter\View\View->CodeIgniter\View\{closure}()
 2 SYSTEMPATH\Common.php(1178): CodeIgniter\View\View->render('pages/about', [], true)
 3 APPPATH\Controllers\Pages.php(24): view('pages/about')
 4 SYSTEMPATH\CodeIgniter.php(941): App\Controllers\Pages->view('about')
 5 SYSTEMPATH\CodeIgniter.php(502): CodeIgniter\CodeIgniter->runController(Object(App\Controllers\Pages))
 6 SYSTEMPATH\CodeIgniter.php(361): CodeIgniter\CodeIgniter->handleRequest(null, Object(Config\Cache), false)
 7 FCPATH\index.php(79): CodeIgniter\CodeIgniter->run()
CRITICAL - 2024-02-15 09:38:48 --> ParseError: syntax error, unexpected identifier "m", expecting "," or ";"
in APPPATH\Views\pages\about.php on line 10.
 1 SYSTEMPATH\View\View.php(231): CodeIgniter\View\View->CodeIgniter\View\{closure}()
 2 SYSTEMPATH\Common.php(1178): CodeIgniter\View\View->render('pages/about', [], true)
 3 APPPATH\Controllers\Pages.php(24): view('pages/about')
 4 SYSTEMPATH\CodeIgniter.php(941): App\Controllers\Pages->view('about')
 5 SYSTEMPATH\CodeIgniter.php(502): CodeIgniter\CodeIgniter->runController(Object(App\Controllers\Pages))
 6 SYSTEMPATH\CodeIgniter.php(361): CodeIgniter\CodeIgniter->handleRequest(null, Object(Config\Cache), false)
 7 FCPATH\index.php(79): CodeIgniter\CodeIgniter->run()
CRITICAL - 2024-02-15 09:38:50 --> ParseError: syntax error, unexpected identifier "m", expecting "," or ";"
in APPPATH\Views\pages\about.php on line 10.
 1 SYSTEMPATH\View\View.php(231): CodeIgniter\View\View->CodeIgniter\View\{closure}()
 2 SYSTEMPATH\Common.php(1178): CodeIgniter\View\View->render('pages/about', [], true)
 3 APPPATH\Controllers\Pages.php(24): view('pages/about')
 4 SYSTEMPATH\CodeIgniter.php(941): App\Controllers\Pages->view('about')
 5 SYSTEMPATH\CodeIgniter.php(502): CodeIgniter\CodeIgniter->runController(Object(App\Controllers\Pages))
 6 SYSTEMPATH\CodeIgniter.php(361): CodeIgniter\CodeIgniter->handleRequest(null, Object(Config\Cache), false)
 7 FCPATH\index.php(79): CodeIgniter\CodeIgniter->run()
CRITICAL - 2024-02-15 09:42:00 --> ParseError: syntax error, unexpected identifier "m", expecting "," or ";"
in APPPATH\Views\pages\about.php on line 10.
 1 SYSTEMPATH\View\View.php(231): CodeIgniter\View\View->CodeIgniter\View\{closure}()
 2 SYSTEMPATH\Common.php(1178): CodeIgniter\View\View->render('pages/about', [], true)
 3 APPPATH\Controllers\Pages.php(24): view('pages/about')
 4 SYSTEMPATH\CodeIgniter.php(941): App\Controllers\Pages->view('about')
 5 SYSTEMPATH\CodeIgniter.php(502): CodeIgniter\CodeIgniter->runController(Object(App\Controllers\Pages))
 6 SYSTEMPATH\CodeIgniter.php(361): CodeIgniter\CodeIgniter->handleRequest(null, Object(Config\Cache), false)
 7 FCPATH\index.php(79): CodeIgniter\CodeIgniter->run()
CRITICAL - 2024-02-15 09:42:09 --> ParseError: syntax error, unexpected identifier "m", expecting "," or ";"
in APPPATH\Views\pages\about.php on line 10.
 1 SYSTEMPATH\View\View.php(231): CodeIgniter\View\View->CodeIgniter\View\{closure}()
 2 SYSTEMPATH\Common.php(1178): CodeIgniter\View\View->render('pages/about', [], true)
 3 APPPATH\Controllers\Pages.php(24): view('pages/about')
 4 SYSTEMPATH\CodeIgniter.php(941): App\Controllers\Pages->view('about')
 5 SYSTEMPATH\CodeIgniter.php(502): CodeIgniter\CodeIgniter->runController(Object(App\Controllers\Pages))
 6 SYSTEMPATH\CodeIgniter.php(361): CodeIgniter\CodeIgniter->handleRequest(null, Object(Config\Cache), false)
 7 FCPATH\index.php(79): CodeIgniter\CodeIgniter->run()
CRITICAL - 2024-02-15 09:42:11 --> ParseError: syntax error, unexpected identifier "m", expecting "," or ";"
in APPPATH\Views\pages\about.php on line 10.
 1 SYSTEMPATH\View\View.php(231): CodeIgniter\View\View->CodeIgniter\View\{closure}()
 2 SYSTEMPATH\Common.php(1178): CodeIgniter\View\View->render('pages/about', [], true)
 3 APPPATH\Controllers\Pages.php(24): view('pages/about')
 4 SYSTEMPATH\CodeIgniter.php(941): App\Controllers\Pages->view('about')
 5 SYSTEMPATH\CodeIgniter.php(502): CodeIgniter\CodeIgniter->runController(Object(App\Controllers\Pages))
 6 SYSTEMPATH\CodeIgniter.php(361): CodeIgniter\CodeIgniter->handleRequest(null, Object(Config\Cache), false)
 7 FCPATH\index.php(79): CodeIgniter\CodeIgniter->run()
